make --dry-run --always-make --keep-going --print-directory
make: Entering directory `/Users/williamcotton/Projects/c_playground'
mkdir -p test
mkdir -p build
as -o build/add-func.o src/add-func.S
ld -o build/add-func build/add-func.o -e _start -L /Library/Developer/CommandLineTools/SDKs/MacOSX.sdk/usr/lib -lSystem
mkdir -p build
clang -o build/array_test src/array_test.c src/helpers.c deps/dotenv-c/dotenv.c deps/hash/hash.c deps/picohttpparser/picohttpparser.c -fdiagnostics-color=always -g -O1 -lcurl -Wall -Wextra -Ideps -lm -fno-omit-frame-pointer -fno-optimize-sibling-calls -ftime-trace -fblocks  -fsanitize=address
mkdir -p build
clang -o build/asm-test src/asm-test.c src/helpers.c deps/dotenv-c/dotenv.c deps/hash/hash.c deps/picohttpparser/picohttpparser.c -fdiagnostics-color=always -g -O1 -lcurl -Wall -Wextra -Ideps -lm -fno-omit-frame-pointer -fno-optimize-sibling-calls -ftime-trace -fblocks  -fsanitize=address
mkdir -p build
clang -o build/block-2 src/block-2.c src/helpers.c deps/dotenv-c/dotenv.c deps/hash/hash.c deps/picohttpparser/picohttpparser.c -fdiagnostics-color=always -g -O1 -lcurl -Wall -Wextra -Ideps -lm -fno-omit-frame-pointer -fno-optimize-sibling-calls -ftime-trace -fblocks  -fsanitize=address
mkdir -p build
clang -o build/block src/block.c src/helpers.c deps/dotenv-c/dotenv.c deps/hash/hash.c deps/picohttpparser/picohttpparser.c -fdiagnostics-color=always -g -O1 -lcurl -Wall -Wextra -Ideps -lm -fno-omit-frame-pointer -fno-optimize-sibling-calls -ftime-trace -fblocks  -fsanitize=address
mkdir -p build
clang -o build/bump src/bump.c src/helpers.c deps/dotenv-c/dotenv.c deps/hash/hash.c deps/picohttpparser/picohttpparser.c -fdiagnostics-color=always -g -O1 -lcurl -Wall -Wextra -Ideps -lm -fno-omit-frame-pointer -fno-optimize-sibling-calls -ftime-trace -fblocks  -fsanitize=address
mkdir -p build
clang -o build/dispatch-client src/dispatch-client.c src/helpers.c deps/dotenv-c/dotenv.c deps/hash/hash.c deps/picohttpparser/picohttpparser.c -fdiagnostics-color=always -g -O1 -lcurl -Wall -Wextra -Ideps -lm -fno-omit-frame-pointer -fno-optimize-sibling-calls -ftime-trace -fblocks  -fsanitize=address
mkdir -p build
clang -o build/dispatch-echo-2 src/dispatch-echo-2.c src/helpers.c deps/dotenv-c/dotenv.c deps/hash/hash.c deps/picohttpparser/picohttpparser.c -fdiagnostics-color=always -g -O1 -lcurl -Wall -Wextra -Ideps -lm -fno-omit-frame-pointer -fno-optimize-sibling-calls -ftime-trace -fblocks  -fsanitize=address
mkdir -p build
clang -o build/dispatch-echo src/dispatch-echo.c src/helpers.c deps/dotenv-c/dotenv.c deps/hash/hash.c deps/picohttpparser/picohttpparser.c -fdiagnostics-color=always -g -O1 -lcurl -Wall -Wextra -Ideps -lm -fno-omit-frame-pointer -fno-optimize-sibling-calls -ftime-trace -fblocks  -fsanitize=address
mkdir -p build
clang -o build/dispatch-file-server src/dispatch-file-server.c src/helpers.c deps/dotenv-c/dotenv.c deps/hash/hash.c deps/picohttpparser/picohttpparser.c -fdiagnostics-color=always -g -O1 -lcurl -Wall -Wextra -Ideps -lm -fno-omit-frame-pointer -fno-optimize-sibling-calls -ftime-trace -fblocks  -fsanitize=address
mkdir -p build
clang -o build/dispatch-server src/dispatch-server.c src/helpers.c deps/dotenv-c/dotenv.c deps/hash/hash.c deps/picohttpparser/picohttpparser.c -fdiagnostics-color=always -g -O1 -lcurl -Wall -Wextra -Ideps -lm -fno-omit-frame-pointer -fno-optimize-sibling-calls -ftime-trace -fblocks  -fsanitize=address
mkdir -p build
clang -o build/echo-client src/echo-client.c src/helpers.c deps/dotenv-c/dotenv.c deps/hash/hash.c deps/picohttpparser/picohttpparser.c -fdiagnostics-color=always -g -O1 -lcurl -Wall -Wextra -Ideps -lm -fno-omit-frame-pointer -fno-optimize-sibling-calls -ftime-trace -fblocks  -fsanitize=address
mkdir -p build
clang -o build/echo-server-debug src/echo-server-debug.c src/helpers.c deps/dotenv-c/dotenv.c deps/hash/hash.c deps/picohttpparser/picohttpparser.c -fdiagnostics-color=always -g -O1 -lcurl -Wall -Wextra -Ideps -lm -fno-omit-frame-pointer -fno-optimize-sibling-calls -ftime-trace -fblocks  -fsanitize=address
mkdir -p build
clang -o build/echo-server src/echo-server.c src/helpers.c deps/dotenv-c/dotenv.c deps/hash/hash.c deps/picohttpparser/picohttpparser.c -fdiagnostics-color=always -g -O1 -lcurl -Wall -Wextra -Ideps -lm -fno-omit-frame-pointer -fno-optimize-sibling-calls -ftime-trace -fblocks  -fsanitize=address
mkdir -p build
clang -o build/express src/express.c src/helpers.c deps/dotenv-c/dotenv.c deps/hash/hash.c deps/picohttpparser/picohttpparser.c -fdiagnostics-color=always -g -O1 -lcurl -Wall -Wextra -Ideps -lm -fno-omit-frame-pointer -fno-optimize-sibling-calls -ftime-trace -fblocks  -fsanitize=address
mkdir -p build
clang -o build/fetch_url src/fetch_url.c src/helpers.c deps/dotenv-c/dotenv.c deps/hash/hash.c deps/picohttpparser/picohttpparser.c -fdiagnostics-color=always -g -O1 -lcurl -Wall -Wextra -Ideps -lm -fno-omit-frame-pointer -fno-optimize-sibling-calls -ftime-trace -fblocks  -fsanitize=address
mkdir -p build
as -o build/hello-block-copy.o src/hello-block-copy.S
ld -o build/hello-block-copy build/hello-block-copy.o -e _start -L /Library/Developer/CommandLineTools/SDKs/MacOSX.sdk/usr/lib -lSystem
mkdir -p build
as -o build/hello-block.o src/hello-block.S
ld -o build/hello-block build/hello-block.o -e _start -L /Library/Developer/CommandLineTools/SDKs/MacOSX.sdk/usr/lib -lSystem
mkdir -p build
as -o build/hello-func-block.o src/hello-func-block.S
ld -o build/hello-func-block build/hello-func-block.o -e _start -L /Library/Developer/CommandLineTools/SDKs/MacOSX.sdk/usr/lib -lSystem
mkdir -p build
as -o build/hello-func.o src/hello-func.S
ld -o build/hello-func build/hello-func.o -e _start -L /Library/Developer/CommandLineTools/SDKs/MacOSX.sdk/usr/lib -lSystem
mkdir -p build
as -o build/hello-simple.o src/hello-simple.S
ld -o build/hello-simple build/hello-simple.o -e _start -L /Library/Developer/CommandLineTools/SDKs/MacOSX.sdk/usr/lib -lSystem
mkdir -p build
clang -o build/helpers src/helpers.c src/helpers.c deps/dotenv-c/dotenv.c deps/hash/hash.c deps/picohttpparser/picohttpparser.c -fdiagnostics-color=always -g -O1 -lcurl -Wall -Wextra -Ideps -lm -fno-omit-frame-pointer -fno-optimize-sibling-calls -ftime-trace -fblocks  -fsanitize=address
mkdir -p build
clang -o build/match src/match.c src/helpers.c deps/dotenv-c/dotenv.c deps/hash/hash.c deps/picohttpparser/picohttpparser.c -fdiagnostics-color=always -g -O1 -lcurl -Wall -Wextra -Ideps -lm -fno-omit-frame-pointer -fno-optimize-sibling-calls -ftime-trace -fblocks  -fsanitize=address
mkdir -p build
clang -o build/merge_sort src/merge_sort.c src/helpers.c deps/dotenv-c/dotenv.c deps/hash/hash.c deps/picohttpparser/picohttpparser.c -fdiagnostics-color=always -g -O1 -lcurl -Wall -Wextra -Ideps -lm -fno-omit-frame-pointer -fno-optimize-sibling-calls -ftime-trace -fblocks  -fsanitize=address
mkdir -p build
clang -o build/server-helpers src/server-helpers.c src/helpers.c deps/dotenv-c/dotenv.c deps/hash/hash.c deps/picohttpparser/picohttpparser.c -fdiagnostics-color=always -g -O1 -lcurl -Wall -Wextra -Ideps -lm -fno-omit-frame-pointer -fno-optimize-sibling-calls -ftime-trace -fblocks  -fsanitize=address
mkdir -p build
clang -o build/string src/string.c src/helpers.c deps/dotenv-c/dotenv.c deps/hash/hash.c deps/picohttpparser/picohttpparser.c -fdiagnostics-color=always -g -O1 -lcurl -Wall -Wextra -Ideps -lm -fno-omit-frame-pointer -fno-optimize-sibling-calls -ftime-trace -fblocks  -fsanitize=address
mkdir -p build
clang -o build/string_array src/string_array.c src/helpers.c deps/dotenv-c/dotenv.c deps/hash/hash.c deps/picohttpparser/picohttpparser.c -fdiagnostics-color=always -g -O1 -lcurl -Wall -Wextra -Ideps -lm -fno-omit-frame-pointer -fno-optimize-sibling-calls -ftime-trace -fblocks  -fsanitize=address
make: Leaving directory `/Users/williamcotton/Projects/c_playground'
 
Makefile:25: warning: overriding commands for target `add-func'
Makefile:20: warning: ignoring old commands for target `add-func'
Makefile:25: warning: overriding commands for target `hello-block-copy'
Makefile:20: warning: ignoring old commands for target `hello-block-copy'
Makefile:25: warning: overriding commands for target `hello-block'
Makefile:20: warning: ignoring old commands for target `hello-block'
Makefile:25: warning: overriding commands for target `hello-func-block'
Makefile:20: warning: ignoring old commands for target `hello-func-block'
Makefile:25: warning: overriding commands for target `hello-func'
Makefile:20: warning: ignoring old commands for target `hello-func'
Makefile:25: warning: overriding commands for target `hello-simple'
Makefile:20: warning: ignoring old commands for target `hello-simple'

